No errors on assembly of 'e:\stm_project\stm8s105c6t6\assembler\template\general.asm'
No errors on assembly of 'e:\stm_project\stm8s105c6t6\assembler\template\general.asm'
e:\stm_project\stm8s105c6t6\assembler\template\general.asm(122): as2 : Error 46: Illegal undefined label 'LvlLed'
e:\stm_project\stm8s105c6t6\assembler\template\general.asm(124): as2 : Error 46: Illegal undefined label 'LvlLed2,A'
e:\stm_project\stm8s105c6t6\assembler\template\general.asm(125): as2 : Error 46: Illegal undefined label 'Temp71'
e:\stm_project\stm8s105c6t6\assembler\template\general.asm(132): as2 : Error 46: Illegal undefined label 'LvlLed'
e:\stm_project\stm8s105c6t6\assembler\template\general.asm(133): as2 : Error 46: Illegal undefined label 'LvlLed'
e:\stm_project\stm8s105c6t6\assembler\template\general.asm(138): as2 : Error 46: Illegal undefined label 'Temp71'
e:\stm_project\stm8s105c6t6\assembler\template\general.asm(141): as2 : Error 46: Illegal undefined label 'Temp71'
e:\stm_project\stm8s105c6t6\assembler\template\general.asm(144): as2 : Error 46: Illegal undefined label 'LvlLed'
e:\stm_project\stm8s105c6t6\assembler\template\general.asm(145): as2 : Error 46: Illegal undefined label 'LvlLed'
e:\stm_project\stm8s105c6t6\assembler\template\general.asm(168): as2 : Error 46: Illegal undefined label 'Temp,LvlLed'
e:\stm_project\stm8s105c6t6\assembler\template\general.asm(172): as2 : Error 46: Illegal undefined label 'Temp'
e:\stm_project\stm8s105c6t6\assembler\template\general.asm(177): as2 : Error 46: Illegal undefined label 'Temp2,Temp'
e:\stm_project\stm8s105c6t6\assembler\template\general.asm(179): as2 : Error 46: Illegal undefined label 'Temp2'
e:\stm_project\stm8s105c6t6\assembler\template\general.asm(180): as2 : Error 46: Illegal undefined label 'Temp2'
14 errors on assembly of 'e:\stm_project\stm8s105c6t6\assembler\template\general.asm'
No errors on assembly of 'e:\stm_project\stm8s105c6t6\assembler\template\general.asm'
e:\stm_project\stm8s105c6t6\assembler\template\general.asm(122): as2 : Error 46: Illegal undefined label 'LvlLed'
e:\stm_project\stm8s105c6t6\assembler\template\general.asm(124): as2 : Error 46: Illegal undefined label 'LvlLed2,A'
e:\stm_project\stm8s105c6t6\assembler\template\general.asm(125): as2 : Error 46: Illegal undefined label 'Temp7'
e:\stm_project\stm8s105c6t6\assembler\template\general.asm(132): as2 : Error 46: Illegal undefined label 'LvlLed'
e:\stm_project\stm8s105c6t6\assembler\template\general.asm(133): as2 : Error 46: Illegal undefined label 'LvlLed'
e:\stm_project\stm8s105c6t6\assembler\template\general.asm(138): as2 : Error 46: Illegal undefined label 'Temp7'
e:\stm_project\stm8s105c6t6\assembler\template\general.asm(141): as2 : Error 46: Illegal undefined label 'Temp7'
e:\stm_project\stm8s105c6t6\assembler\template\general.asm(144): as2 : Error 46: Illegal undefined label 'LvlLed'
e:\stm_project\stm8s105c6t6\assembler\template\general.asm(145): as2 : Error 46: Illegal undefined label 'LvlLed'
e:\stm_project\stm8s105c6t6\assembler\template\general.asm(168): as2 : Error 46: Illegal undefined label 'Temp,LvlLed'
e:\stm_project\stm8s105c6t6\assembler\template\general.asm(172): as2 : Error 46: Illegal undefined label 'Temp'
e:\stm_project\stm8s105c6t6\assembler\template\general.asm(177): as2 : Error 46: Illegal undefined label 'Temp2,Temp'
e:\stm_project\stm8s105c6t6\assembler\template\general.asm(179): as2 : Error 46: Illegal undefined label 'Temp2'
e:\stm_project\stm8s105c6t6\assembler\template\general.asm(180): as2 : Error 46: Illegal undefined label 'Temp2'
14 errors on assembly of 'e:\stm_project\stm8s105c6t6\assembler\template\general.asm'
No errors on assembly of 'e:\stm_project\stm8s105c6t6\assembler\template\general.asm'
e:\stm_project\stm8s105c6t6\assembler\template\general.asm(123): as2 : Error 46: Illegal undefined label 'LvlLed'
e:\stm_project\stm8s105c6t6\assembler\template\general.asm(125): as2 : Error 46: Illegal undefined label 'LvlLed2,A'
e:\stm_project\stm8s105c6t6\assembler\template\general.asm(133): as2 : Error 46: Illegal undefined label 'LvlLed'
e:\stm_project\stm8s105c6t6\assembler\template\general.asm(134): as2 : Error 46: Illegal undefined label 'LvlLed'
e:\stm_project\stm8s105c6t6\assembler\template\general.asm(145): as2 : Error 46: Illegal undefined label 'LvlLed'
e:\stm_project\stm8s105c6t6\assembler\template\general.asm(146): as2 : Error 46: Illegal undefined label 'LvlLed'
e:\stm_project\stm8s105c6t6\assembler\template\general.asm(169): as2 : Error 46: Illegal undefined label 'LvlLed'
7 errors on assembly of 'e:\stm_project\stm8s105c6t6\assembler\template\general.asm'
No errors on assembly of 'e:\stm_project\stm8s105c6t6\assembler\template\general.asm'
e:\stm_project\stm8s105c6t6\assembler\template\general.asm(125): as2 : Error 46: Illegal undefined label 'LvlLed2,A'
1 error on assembly of 'e:\stm_project\stm8s105c6t6\assembler\template\general.asm'
No errors on assembly of 'e:\stm_project\stm8s105c6t6\assembler\template\general.asm'
No errors on assembly of 'e:\stm_project\stm8s105c6t6\assembler\template\general.asm'
No errors on assembly of 'e:\stm_project\stm8s105c6t6\assembler\template\general.asm'
No errors on assembly of 'e:\stm_project\stm8s105c6t6\assembler\template\general.asm'
No errors on assembly of 'e:\stm_project\stm8s105c6t6\assembler\template\general.asm'
No errors on assembly of 'e:\stm_project\stm8s105c6t6\assembler\template\general.asm'
No errors on assembly of 'e:\stm_project\stm8s105c6t6\assembler\template\general.asm'
No errors on assembly of 'e:\stm_project\stm8s105c6t6\assembler\template\general.asm'
No errors on assembly of 'e:\stm_project\stm8s105c6t6\assembler\template\general.asm'
No errors on assembly of 'e:\stm_project\stm8s105c6t6\assembler\template\general.asm'
No errors on assembly of 'e:\stm_project\stm8s105c6t6\assembler\template\general.asm'
No errors on assembly of 'e:\stm_project\stm8s105c6t6\assembler\template\general.asm'
No errors on assembly of 'e:\stm_project\stm8s105c6t6\assembler\template\general.asm'
No errors on assembly of 'e:\stm_project\stm8s105c6t6\assembler\template\general.asm'
No errors on assembly of 'e:\stm_project\stm8s105c6t6\assembler\template\general.asm'
No errors on assembly of 'e:\stm_project\stm8s105c6t6\assembler\template\general.asm'
No errors on assembly of 'e:\stm_project\stm8s105c6t6\assembler\template\general.asm'
No errors on assembly of 'e:\stm_project\stm8s105c6t6\assembler\template\general.asm'
No errors on assembly of 'e:\stm_project\stm8s105c6t6\assembler\template\general.asm'
No errors on assembly of 'e:\stm_project\stm8s105c6t6\assembler\template\general.asm'
No errors on assembly of 'e:\stm_project\stm8s105c6t6\assembler\template\general.asm'
No errors on assembly of 'e:\stm_project\stm8s105c6t6\assembler\template\general.asm'
No errors on assembly of 'e:\stm_project\stm8s105c6t6\assembler\template\general.asm'
No errors on assembly of 'e:\stm_project\stm8s105c6t6\assembler\template\general.asm'
No errors on assembly of 'e:\stm_project\stm8s105c6t6\assembler\template\general.asm'
No errors on assembly of 'e:\stm_project\stm8s105c6t6\assembler\template\general.asm'
No errors on assembly of 'e:\stm_project\stm8s105c6t6\assembler\template\general.asm'
No errors on assembly of 'e:\stm_project\stm8s105c6t6\assembler\template\general.asm'
No errors on assembly of 'e:\stm_project\stm8s105c6t6\assembler\template\general.asm'
No errors on assembly of 'e:\stm_project\stm8s105c6t6\assembler\template\general.asm'
No errors on assembly of 'e:\stm_project\stm8s105c6t6\assembler\template\general.asm'
No errors on assembly of 'e:\stm_project\stm8s105c6t6\assembler\template\general.asm'
