STMicroelectronics list file postprocessor v1.01   (C)2009-2012   Fri Feb 24 12:30:21 2012
Page 1  Assembler
                                               e:\stm8s_project\stm8s105c6t6\assembler\project_1\mapping.asm

   1                         stm8/     
   2                                                          ;-------------------------------
                                                                ;-----------------------
   3                                                          ; SEGMENT MAPPING FILE 
                                                                ;AUTOMATICALLY GENERATED BY 
                                                                ;STVD
   4                                                          ; SHOULD NOT BE MANUALLY 
                                                                ;MODIFIED.
   5                                                          ; CHANGES WILL BE LOST WHEN FILE
                                                                ; IS REGENERATED.
   6                                                          ;-------------------------------
                                                                ;-----------------------
   7  000000                                 BYTES                  ; The following addresses are 8 
                                                                ;bits long
   8                                   segment  byte at 0-FF 'ram0'
   9                         
  10  000000                                 WORDS                  ; The following addresses are 16
                                                                ; bits long
  11                                   segment  byte at 100-5FF 'ram1'
  12                         
  13  000100                                 WORDS                  ; The following addresses are 16
                                                                ; bits long
  14                                   segment  byte at 600-7FF 'stack'
  15                         
  16  000600                                 WORDS                  ; The following addresses are 16
                                                                ; bits long
  17                                   segment  byte at 4000-43FF 'eeprom'
  18                         
  19  004000                                 WORDS                  ; The following addresses are 16
                                                                ; bits long
  20                                   segment  byte at 8080-FFFF 'rom'
  21                         
  22  008080                                 WORDS                  ; The following addresses are 16
                                                                ; bits long
  23                                   segment  byte at 8000-807F 'vectit'
  24                         
  25  008000                                 END      
STMicroelectronics list file postprocessor v1.01   (C)2009-2012   Fri Feb 24 12:30:21 2012
Page 2  Assembler
                                               e:\stm8s_project\stm8s105c6t6\assembler\project_1\mapping.asm

Symbol Name                       Value     Call       Type  Scope      Rel.  Line  Privacy  Segment   Size  Bytes File


0 labels
No errors on assembly of 'e:\stm8s_project\stm8s105c6t6\assembler\project_1\mapping.asm'