No errors on assembly of 'e:\stm_project\stm8s105c6t6\assembler\template\general.asm'
No errors on assembly of 'e:\stm_project\stm8s105c6t6\assembler\template\general.asm'
e:\stm_project\stm8s105c6t6\assembler\template\general.asm(122): as2 : Error 46: Illegal undefined label 'LvlLed'
e:\stm_project\stm8s105c6t6\assembler\template\general.asm(124): as2 : Error 46: Illegal undefined label 'LvlLed2,A'
e:\stm_project\stm8s105c6t6\assembler\template\general.asm(125): as2 : Error 46: Illegal undefined label 'Temp71'
e:\stm_project\stm8s105c6t6\assembler\template\general.asm(132): as2 : Error 46: Illegal undefined label 'LvlLed'
e:\stm_project\stm8s105c6t6\assembler\template\general.asm(133): as2 : Error 46: Illegal undefined label 'LvlLed'
e:\stm_project\stm8s105c6t6\assembler\template\general.asm(138): as2 : Error 46: Illegal undefined label 'Temp71'
e:\stm_project\stm8s105c6t6\assembler\template\general.asm(141): as2 : Error 46: Illegal undefined label 'Temp71'
e:\stm_project\stm8s105c6t6\assembler\template\general.asm(144): as2 : Error 46: Illegal undefined label 'LvlLed'
e:\stm_project\stm8s105c6t6\assembler\template\general.asm(145): as2 : Error 46: Illegal undefined label 'LvlLed'
e:\stm_project\stm8s105c6t6\assembler\template\general.asm(168): as2 : Error 46: Illegal undefined label 'Temp,LvlLed'
e:\stm_project\stm8s105c6t6\assembler\template\general.asm(172): as2 : Error 46: Illegal undefined label 'Temp'
e:\stm_project\stm8s105c6t6\assembler\template\general.asm(177): as2 : Error 46: Illegal undefined label 'Temp2,Temp'
e:\stm_project\stm8s105c6t6\assembler\template\general.asm(179): as2 : Error 46: Illegal undefined label 'Temp2'
e:\stm_project\stm8s105c6t6\assembler\template\general.asm(180): as2 : Error 46: Illegal undefined label 'Temp2'
14 errors on assembly of 'e:\stm_project\stm8s105c6t6\assembler\template\general.asm'
No errors on assembly of 'e:\stm_project\stm8s105c6t6\assembler\template\general.asm'
e:\stm_project\stm8s105c6t6\assembler\template\general.asm(122): as2 : Error 46: Illegal undefined label 'LvlLed'
e:\stm_project\stm8s105c6t6\assembler\template\general.asm(124): as2 : Error 46: Illegal undefined label 'LvlLed2,A'
e:\stm_project\stm8s105c6t6\assembler\template\general.asm(125): as2 : Error 46: Illegal undefined label 'Temp7'
e:\stm_project\stm8s105c6t6\assembler\template\general.asm(132): as2 : Error 46: Illegal undefined label 'LvlLed'
e:\stm_project\stm8s105c6t6\assembler\template\general.asm(133): as2 : Error 46: Illegal undefined label 'LvlLed'
e:\stm_project\stm8s105c6t6\assembler\template\general.asm(138): as2 : Error 46: Illegal undefined label 'Temp7'
e:\stm_project\stm8s105c6t6\assembler\template\general.asm(141): as2 : Error 46: Illegal undefined label 'Temp7'
e:\stm_project\stm8s105c6t6\assembler\template\general.asm(144): as2 : Error 46: Illegal undefined label 'LvlLed'
e:\stm_project\stm8s105c6t6\assembler\template\general.asm(145): as2 : Error 46: Illegal undefined label 'LvlLed'
e:\stm_project\stm8s105c6t6\assembler\template\general.asm(168): as2 : Error 46: Illegal undefined label 'Temp,LvlLed'
e:\stm_project\stm8s105c6t6\assembler\template\general.asm(172): as2 : Error 46: Illegal undefined label 'Temp'
e:\stm_project\stm8s105c6t6\assembler\template\general.asm(177): as2 : Error 46: Illegal undefined label 'Temp2,Temp'
e:\stm_project\stm8s105c6t6\assembler\template\general.asm(179): as2 : Error 46: Illegal undefined label 'Temp2'
e:\stm_project\stm8s105c6t6\assembler\template\general.asm(180): as2 : Error 46: Illegal undefined label 'Temp2'
14 errors on assembly of 'e:\stm_project\stm8s105c6t6\assembler\template\general.asm'
No errors on assembly of 'e:\stm_project\stm8s105c6t6\assembler\template\general.asm'
e:\stm_project\stm8s105c6t6\assembler\template\general.asm(123): as2 : Error 46: Illegal undefined label 'LvlLed'
e:\stm_project\stm8s105c6t6\assembler\template\general.asm(125): as2 : Error 46: Illegal undefined label 'LvlLed2,A'
e:\stm_project\stm8s105c6t6\assembler\template\general.asm(133): as2 : Error 46: Illegal undefined label 'LvlLed'
e:\stm_project\stm8s105c6t6\assembler\template\general.asm(134): as2 : Error 46: Illegal undefined label 'LvlLed'
e:\stm_project\stm8s105c6t6\assembler\template\general.asm(145): as2 : Error 46: Illegal undefined label 'LvlLed'
e:\stm_project\stm8s105c6t6\assembler\template\general.asm(146): as2 : Error 46: Illegal undefined label 'LvlLed'
e:\stm_project\stm8s105c6t6\assembler\template\general.asm(169): as2 : Error 46: Illegal undefined label 'LvlLed'
7 errors on assembly of 'e:\stm_project\stm8s105c6t6\assembler\template\general.asm'
No errors on assembly of 'e:\stm_project\stm8s105c6t6\assembler\template\general.asm'
e:\stm_project\stm8s105c6t6\assembler\template\general.asm(125): as2 : Error 46: Illegal undefined label 'LvlLed2,A'
1 error on assembly of 'e:\stm_project\stm8s105c6t6\assembler\template\general.asm'
No errors on assembly of 'e:\stm_project\stm8s105c6t6\assembler\template\general.asm'
No errors on assembly of 'e:\stm_project\stm8s105c6t6\assembler\template\general.asm'
No errors on assembly of 'e:\stm_project\stm8s105c6t6\assembler\template\general.asm'
No errors on assembly of 'e:\stm_project\stm8s105c6t6\assembler\template\general.asm'
No errors on assembly of 'e:\stm_project\stm8s105c6t6\assembler\template\general.asm'
No errors on assembly of 'e:\stm_project\stm8s105c6t6\assembler\template\general.asm'
No errors on assembly of 'e:\stm_project\stm8s105c6t6\assembler\template\general.asm'
No errors on assembly of 'e:\stm_project\stm8s105c6t6\assembler\template\general.asm'
No errors on assembly of 'e:\stm_project\stm8s105c6t6\assembler\template\general.asm'
No errors on assembly of 'e:\stm_project\stm8s105c6t6\assembler\template\general.asm'
No errors on assembly of 'e:\stm_project\stm8s105c6t6\assembler\template\general.asm'
No errors on assembly of 'e:\stm_project\stm8s105c6t6\assembler\template\general.asm'
No errors on assembly of 'e:\stm_project\stm8s105c6t6\assembler\template\general.asm'
No errors on assembly of 'e:\stm_project\stm8s105c6t6\assembler\template\general.asm'
No errors on assembly of 'e:\stm_project\stm8s105c6t6\assembler\template\general.asm'
No errors on assembly of 'e:\stm_project\stm8s105c6t6\assembler\template\general.asm'
No errors on assembly of 'e:\stm_project\stm8s105c6t6\assembler\template\general.asm'
No errors on assembly of 'e:\stm_project\stm8s105c6t6\assembler\template\general.asm'
No errors on assembly of 'e:\stm_project\stm8s105c6t6\assembler\template\general.asm'
No errors on assembly of 'e:\stm_project\stm8s105c6t6\assembler\template\general.asm'
No errors on assembly of 'e:\stm_project\stm8s105c6t6\assembler\template\general.asm'
No errors on assembly of 'e:\stm_project\stm8s105c6t6\assembler\template\general.asm'
No errors on assembly of 'e:\stm_project\stm8s105c6t6\assembler\template\general.asm'
No errors on assembly of 'e:\stm_project\stm8s105c6t6\assembler\template\general.asm'
No errors on assembly of 'e:\stm_project\stm8s105c6t6\assembler\template\general.asm'
No errors on assembly of 'e:\stm_project\stm8s105c6t6\assembler\template\general.asm'
No errors on assembly of 'e:\stm_project\stm8s105c6t6\assembler\template\general.asm'
No errors on assembly of 'e:\stm_project\stm8s105c6t6\assembler\template\general.asm'
No errors on assembly of 'e:\stm_project\stm8s105c6t6\assembler\template\general.asm'
No errors on assembly of 'e:\stm_project\stm8s105c6t6\assembler\template\general.asm'
No errors on assembly of 'e:\stm_project\stm8s105c6t6\assembler\template\general.asm'
No errors on assembly of 'e:\stm_project\stm8s105c6t6\assembler\template\general.asm'
e:\stm_project\stm8s105c6t6\assembler\project_4(vga_adapter)\general.asm(75): as1 : Error 53: missing hex number 'Ñ3'
1 error on assembly of 'e:\stm_project\stm8s105c6t6\assembler\project_4(vga_adapter)\general.asm'
e:\stm_project\stm8s105c6t6\assembler\project_4(vga_adapter)\general.asm(75): as1 : Error 53: missing hex number 'Ñ3'
1 error on assembly of 'e:\stm_project\stm8s105c6t6\assembler\project_4(vga_adapter)\general.asm'
No errors on assembly of 'e:\stm_project\stm8s105c6t6\assembler\project_4(vga_adapter)\general.asm'
No errors on assembly of 'e:\stm_project\stm8s105c6t6\assembler\project_4(vga_adapter)\general.asm'
No errors on assembly of 'e:\stm_project\stm8s105c6t6\assembler\project_4(vga_adapter)\general.asm'
No errors on assembly of 'e:\stm_project\stm8s105c6t6\assembler\project_4(vga_adapter)\general.asm'
e:\stm_project\stm8s105c6t6\assembler\project_4(vga_adapter)\general.asm(153): as1 : Error 56: unrecognised opcode '	MOVW X,#$FFFF'
1 error on assembly of 'e:\stm_project\stm8s105c6t6\assembler\project_4(vga_adapter)\general.asm'
e:\stm_project\stm8s105c6t6\assembler\project_4(vga_adapter)\general.asm(153): as1 : Error 56: unrecognised opcode '	MOVW X,#$FFFF'
1 error on assembly of 'e:\stm_project\stm8s105c6t6\assembler\project_4(vga_adapter)\general.asm'
No errors on assembly of 'e:\stm_project\stm8s105c6t6\assembler\project_4(vga_adapter)\general.asm'
No errors on assembly of 'e:\stm_project\stm8s105c6t6\assembler\project_4(vga_adapter)\general.asm'
No errors on assembly of 'e:\stm_project\stm8s105c6t6\assembler\project_4(vga_adapter)\general.asm'
No errors on assembly of 'e:\stm_project\stm8s105c6t6\assembler\project_4(vga_adapter)\general.asm'
No errors on assembly of 'e:\stm_project\stm8s105c6t6\assembler\project_4(vga_adapter)\general.asm'
e:\stm_project\stm8s105c6t6\assembler\project_4(vga_adapter)\general.asm(138): as2 : Error 46: Illegal undefined label 'RenderLine'
1 error on assembly of 'e:\stm_project\stm8s105c6t6\assembler\project_4(vga_adapter)\general.asm'
No errors on assembly of 'e:\stm_project\stm8s105c6t6\assembler\project_4(vga_adapter)\general.asm'
No errors on assembly of 'e:\stm_project\stm8s105c6t6\assembler\project_4(vga_adapter)\general.asm'
e:\stm_project\stm8s105c6t6\assembler\project_4(vga_adapter)\general.asm(135): as1 : Error 54: Can't match Addressing mode '	LD Temp,X'
1 error on assembly of 'e:\stm_project\stm8s105c6t6\assembler\project_4(vga_adapter)\general.asm'
e:\stm_project\stm8s105c6t6\assembler\project_4(vga_adapter)\general.asm(135): as1 : Error 54: Can't match Addressing mode '	LD Temp,X'
1 error on assembly of 'e:\stm_project\stm8s105c6t6\assembler\project_4(vga_adapter)\general.asm'
No errors on assembly of 'e:\stm_project\stm8s105c6t6\assembler\project_4(vga_adapter)\general.asm'
No errors on assembly of 'e:\stm_project\stm8s105c6t6\assembler\project_4(vga_adapter)\general.asm'
e:\stm_project\stm8s105c6t6\assembler\project_4(vga_adapter)\general.asm(149): as1 : Error 54: Can't match Addressing mode '	MOV VLine,#$FFFF'
e:\stm_project\stm8s105c6t6\assembler\project_4(vga_adapter)\general.asm(175): as1 : Error 54: Can't match Addressing mode '	MOV VLine,#$FFFF'
2 errors on assembly of 'e:\stm_project\stm8s105c6t6\assembler\project_4(vga_adapter)\general.asm'
e:\stm_project\stm8s105c6t6\assembler\project_4(vga_adapter)\general.asm(149): as1 : Error 54: Can't match Addressing mode '	MOV VLine,#$FFFF'
e:\stm_project\stm8s105c6t6\assembler\project_4(vga_adapter)\general.asm(175): as1 : Error 54: Can't match Addressing mode '	MOV VLine,#$FFFF'
2 errors on assembly of 'e:\stm_project\stm8s105c6t6\assembler\project_4(vga_adapter)\general.asm'
e:\stm_project\stm8s105c6t6\assembler\project_4(vga_adapter)\general.asm(149): as1 : Error 56: unrecognised opcode '	MOVW VLine,#$FFFF'
e:\stm_project\stm8s105c6t6\assembler\project_4(vga_adapter)\general.asm(175): as1 : Error 56: unrecognised opcode '	MOVW VLine,#$FFFF'
2 errors on assembly of 'e:\stm_project\stm8s105c6t6\assembler\project_4(vga_adapter)\general.asm'
e:\stm_project\stm8s105c6t6\assembler\project_4(vga_adapter)\general.asm(149): as1 : Error 56: unrecognised opcode '	MOVW VLine,#$FFFF'
e:\stm_project\stm8s105c6t6\assembler\project_4(vga_adapter)\general.asm(175): as1 : Error 56: unrecognised opcode '	MOVW VLine,#$FFFF'
2 errors on assembly of 'e:\stm_project\stm8s105c6t6\assembler\project_4(vga_adapter)\general.asm'
e:\stm_project\stm8s105c6t6\assembler\project_4(vga_adapter)\general.asm(149): as1 : Error 54: Can't match Addressing mode '	LDW VLine,#$FFFF'
e:\stm_project\stm8s105c6t6\assembler\project_4(vga_adapter)\general.asm(175): as1 : Error 56: unrecognised opcode '	MOVW VLine,#$FFFF'
2 errors on assembly of 'e:\stm_project\stm8s105c6t6\assembler\project_4(vga_adapter)\general.asm'
e:\stm_project\stm8s105c6t6\assembler\project_4(vga_adapter)\general.asm(149): as1 : Error 54: Can't match Addressing mode '	LDW VLine,#$FFFF'
e:\stm_project\stm8s105c6t6\assembler\project_4(vga_adapter)\general.asm(175): as1 : Error 56: unrecognised opcode '	MOVW VLine,#$FFFF'
2 errors on assembly of 'e:\stm_project\stm8s105c6t6\assembler\project_4(vga_adapter)\general.asm'
e:\stm_project\stm8s105c6t6\assembler\project_4(vga_adapter)\general.asm(177): as1 : Error 67: Improper Character(s) '+1,#$FF'
1 error on assembly of 'e:\stm_project\stm8s105c6t6\assembler\project_4(vga_adapter)\general.asm'
e:\stm_project\stm8s105c6t6\assembler\project_4(vga_adapter)\general.asm(177): as1 : Error 67: Improper Character(s) '+1,#$FF'
1 error on assembly of 'e:\stm_project\stm8s105c6t6\assembler\project_4(vga_adapter)\general.asm'
e:\stm_project\stm8s105c6t6\assembler\project_4(vga_adapter)\general.asm(177): as1 : Error 56: unrecognised opcode 'MOV {VLine+1},#$FF'
e:\stm_project\stm8s105c6t6\assembler\project_4(vga_adapter)\general.asm(177): as1 : Error 69: Ambiguous label name 'MOV {VLine+1},#$FF'
2 errors on assembly of 'e:\stm_project\stm8s105c6t6\assembler\project_4(vga_adapter)\general.asm'
e:\stm_project\stm8s105c6t6\assembler\project_4(vga_adapter)\general.asm(177): as1 : Error 56: unrecognised opcode 'MOV {VLine+1},#$FF'
e:\stm_project\stm8s105c6t6\assembler\project_4(vga_adapter)\general.asm(177): as1 : Error 69: Ambiguous label name 'MOV {VLine+1},#$FF'
2 errors on assembly of 'e:\stm_project\stm8s105c6t6\assembler\project_4(vga_adapter)\general.asm'
No errors on assembly of 'e:\stm_project\stm8s105c6t6\assembler\project_4(vga_adapter)\general.asm'
No errors on assembly of 'e:\stm_project\stm8s105c6t6\assembler\project_4(vga_adapter)\general.asm'
No errors on assembly of 'e:\stm_project\stm8s105c6t6\assembler\project_4(vga_adapter)\general.asm'
No errors on assembly of 'e:\stm_project\stm8s105c6t6\assembler\project_4(vga_adapter)\general.asm'
No errors on assembly of 'e:\stm_project\stm8s105c6t6\assembler\project_4(vga_adapter)\general.asm'
No errors on assembly of 'e:\stm_project\stm8s105c6t6\assembler\project_4(vga_adapter)\general.asm'
No errors on assembly of 'e:\stm_project\stm8s105c6t6\assembler\project_4(vga_adapter)\general.asm'
No errors on assembly of 'e:\stm_project\stm8s105c6t6\assembler\project_4(vga_adapter)\general.asm'
No errors on assembly of 'e:\stm_project\stm8s105c6t6\assembler\project_4(vga_adapter)\general.asm'
No errors on assembly of 'e:\stm_project\stm8s105c6t6\assembler\project_4(vga_adapter)\general.asm'
No errors on assembly of 'e:\stm_project\stm8s105c6t6\assembler\project_4(vga_adapter)\general.asm'
No errors on assembly of 'e:\stm_project\stm8s105c6t6\assembler\project_4(vga_adapter)\general.asm'
No errors on assembly of 'e:\stm_project\stm8s105c6t6\assembler\project_4(vga_adapter)\general.asm'
No errors on assembly of 'e:\stm_project\stm8s105c6t6\assembler\project_4(vga_adapter)\general.asm'
No errors on assembly of 'e:\stm_project\stm8s105c6t6\assembler\project_4(vga_adapter)\general.asm'
No errors on assembly of 'e:\stm_project\stm8s105c6t6\assembler\project_4(vga_adapter)\general.asm'
No errors on assembly of 'e:\stm_project\stm8s105c6t6\assembler\project_4(vga_adapter)\general.asm'
No errors on assembly of 'e:\stm_project\stm8s105c6t6\assembler\project_4(vga_adapter)\general.asm'
No errors on assembly of 'e:\stm_project\stm8s105c6t6\assembler\project_4(vga_adapter)\general.asm'
No errors on assembly of 'e:\stm_project\stm8s105c6t6\assembler\project_4(vga_adapter)\general.asm'
No errors on assembly of 'e:\stm_project\stm8s105c6t6\assembler\project_4(vga_adapter)\general.asm'
No errors on assembly of 'e:\stm_project\stm8s105c6t6\assembler\project_4(vga_adapter)\general.asm'
No errors on assembly of 'e:\stm_project\stm8s105c6t6\assembler\project_4(vga_adapter)\general.asm'
No errors on assembly of 'e:\stm_project\stm8s105c6t6\assembler\project_4(vga_adapter)\general.asm'
No errors on assembly of 'e:\stm_project\stm8s105c6t6\assembler\project_4(vga_adapter)\general.asm'
No errors on assembly of 'e:\stm_project\stm8s105c6t6\assembler\project_4(vga_adapter)\general.asm'
No errors on assembly of 'e:\stm_project\stm8s105c6t6\assembler\project_4(vga_adapter)\general.asm'
No errors on assembly of 'e:\stm_project\stm8s105c6t6\assembler\project_4(vga_adapter)\general.asm'
No errors on assembly of 'e:\stm_project\stm8s105c6t6\assembler\project_4(vga_adapter)\general.asm'
No errors on assembly of 'e:\stm_project\stm8s105c6t6\assembler\project_4(vga_adapter)\general.asm'
No errors on assembly of 'e:\stm_project\stm8s105c6t6\assembler\project_4(vga_adapter)\general.asm'
No errors on assembly of 'e:\stm_project\stm8s105c6t6\assembler\project_4(vga_adapter)\general.asm'
No errors on assembly of 'e:\stm_project\stm8s105c6t6\assembler\project_4(vga_adapter)\general.asm'
No errors on assembly of 'e:\stm_project\stm8s105c6t6\assembler\project_4(vga_adapter)\general.asm'
No errors on assembly of 'e:\stm_project\stm8s105c6t6\assembler\project_4(vga_adapter)\general.asm'
No errors on assembly of 'e:\stm_project\stm8s105c6t6\assembler\project_4(vga_adapter)\general.asm'
No errors on assembly of 'e:\stm_project\stm8s105c6t6\assembler\project_4(vga_adapter)\general.asm'
No errors on assembly of 'e:\stm_project\stm8s105c6t6\assembler\project_4(vga_adapter)\general.asm'
No errors on assembly of 'e:\stm_project\stm8s105c6t6\assembler\project_4(vga_adapter)\general.asm'
No errors on assembly of 'e:\stm_project\stm8s105c6t6\assembler\project_4(vga_adapter)\general.asm'
No errors on assembly of 'e:\stm_project\stm8s105c6t6\assembler\project_4(vga_adapter)\general.asm'
No errors on assembly of 'e:\stm_project\stm8s105c6t6\assembler\project_4(vga_adapter)\general.asm'
No errors on assembly of 'e:\stm_project\stm8s105c6t6\assembler\project_4(vga_adapter)\general.asm'
No errors on assembly of 'e:\stm_project\stm8s105c6t6\assembler\project_4(vga_adapter)\general.asm'
No errors on assembly of 'e:\stm_project\stm8s105c6t6\assembler\project_4(vga_adapter)\general.asm'
No errors on assembly of 'e:\stm_project\stm8s105c6t6\assembler\project_4(vga_adapter)\general.asm'
No errors on assembly of 'e:\stm_project\stm8s105c6t6\assembler\project_4(vga_adapter)\general.asm'
No errors on assembly of 'e:\stm_project\stm8s105c6t6\assembler\project_4(vga_adapter)\general.asm'
No errors on assembly of 'e:\stm_project\stm8s105c6t6\assembler\project_4(vga_adapter)\general.asm'
No errors on assembly of 'e:\stm_project\stm8s105c6t6\assembler\project_4(vga_adapter)\general.asm'
No errors on assembly of 'e:\stm_project\stm8s105c6t6\assembler\project_4(vga_adapter)\general.asm'
No errors on assembly of 'e:\stm_project\stm8s105c6t6\assembler\project_4(vga_adapter)\general.asm'
No errors on assembly of 'e:\stm_project\stm8s105c6t6\assembler\project_4(vga_adapter)\general.asm'
No errors on assembly of 'e:\stm_project\stm8s105c6t6\assembler\project_4(vga_adapter)\general.asm'
No errors on assembly of 'e:\stm_project\stm8s105c6t6\assembler\project_4(vga_adapter)\general.asm'
No errors on assembly of 'e:\stm_project\stm8s105c6t6\assembler\project_4(vga_adapter)\general.asm'
No errors on assembly of 'e:\stm_project\stm8s105c6t6\assembler\project_4(vga_adapter)\general.asm'
No errors on assembly of 'e:\stm_project\stm8s105c6t6\assembler\project_4(vga_adapter)\general.asm'
No errors on assembly of 'e:\stm_project\stm8s105c6t6\assembler\project_4(vga_adapter)\general.asm'
No errors on assembly of 'e:\stm_project\stm8s105c6t6\assembler\project_4(vga_adapter)\general.asm'
No errors on assembly of 'e:\stm_project\stm8s105c6t6\assembler\project_4(vga_adapter)\general.asm'
No errors on assembly of 'e:\stm_project\stm8s105c6t6\assembler\project_4(vga_adapter)\general.asm'
No errors on assembly of 'e:\stm_project\stm8s105c6t6\assembler\project_4(vga_adapter)\general.asm'
No errors on assembly of 'e:\stm_project\stm8s105c6t6\assembler\project_4(vga_adapter)\general.asm'
No errors on assembly of 'e:\stm_project\stm8s105c6t6\assembler\project_4(vga_adapter)\general.asm'
No errors on assembly of 'e:\stm_project\stm8s105c6t6\assembler\project_4(vga_adapter)\general.asm'
No errors on assembly of 'e:\stm_project\stm8s105c6t6\assembler\project_4(vga_adapter)\general.asm'
No errors on assembly of 'e:\stm_project\stm8s105c6t6\assembler\project_4(vga_adapter)\general.asm'
No errors on assembly of 'e:\stm_project\stm8s105c6t6\assembler\project_4(vga_adapter)\general.asm'
No errors on assembly of 'e:\stm_project\stm8s105c6t6\assembler\project_4(vga_adapter)\general.asm'
No errors on assembly of 'e:\stm_project\stm8s105c6t6\assembler\project_4(vga_adapter)\general.asm'
No errors on assembly of 'e:\stm_project\stm8s105c6t6\assembler\project_4(vga_adapter)\general.asm'
No errors on assembly of 'e:\stm_project\stm8s105c6t6\assembler\project_4(vga_adapter)\general.asm'
No errors on assembly of 'e:\stm_project\stm8s105c6t6\assembler\project_4(vga_adapter)\general.asm'
No errors on assembly of 'e:\stm_project\stm8s105c6t6\assembler\project_4(vga_adapter)\general.asm'
e:\stm_project\stm8s105c6t6\assembler\project_4(vga_adapter)\general.asm(189): as1 : Error 56: unrecognised opcode 'BRES PORTB,#4'
e:\stm_project\stm8s105c6t6\assembler\project_4(vga_adapter)\general.asm(189): as1 : Error 69: Ambiguous label name 'BRES PORTB,#4'
2 errors on assembly of 'e:\stm_project\stm8s105c6t6\assembler\project_4(vga_adapter)\general.asm'
e:\stm_project\stm8s105c6t6\assembler\project_4(vga_adapter)\general.asm(189): as1 : Error 56: unrecognised opcode 'BRES PORTB,#4'
e:\stm_project\stm8s105c6t6\assembler\project_4(vga_adapter)\general.asm(189): as1 : Error 69: Ambiguous label name 'BRES PORTB,#4'
2 errors on assembly of 'e:\stm_project\stm8s105c6t6\assembler\project_4(vga_adapter)\general.asm'
No errors on assembly of 'e:\stm_project\stm8s105c6t6\assembler\project_4(vga_adapter)\general.asm'
No errors on assembly of 'e:\stm_project\stm8s105c6t6\assembler\project_4(vga_adapter)\general.asm'
No errors on assembly of 'e:\stm_project\stm8s105c6t6\assembler\project_4(vga_adapter)\general.asm'
No errors on assembly of 'e:\stm_project\stm8s105c6t6\assembler\project_4(vga_adapter)\general.asm'
No errors on assembly of 'e:\stm_project\stm8s105c6t6\assembler\project_4(vga_adapter)\general.asm'
No errors on assembly of 'e:\stm_project\stm8s105c6t6\assembler\project_4(vga_adapter)\general.asm'
No errors on assembly of 'e:\stm_project\stm8s105c6t6\assembler\project_4(vga_adapter)\general.asm'
No errors on assembly of 'e:\stm_project\stm8s105c6t6\assembler\project_4(vga_adapter)\general.asm'
No errors on assembly of 'e:\stm_project\stm8s105c6t6\assembler\project_4(vga_adapter)\general.asm'
No errors on assembly of 'e:\stm_project\stm8s105c6t6\assembler\project_4(vga_adapter)\general.asm'
No errors on assembly of 'e:\stm_project\stm8s105c6t6\assembler\project_4(vga_adapter)\general.asm'
No errors on assembly of 'e:\stm_project\stm8s105c6t6\assembler\project_4(vga_adapter)\general.asm'
No errors on assembly of 'e:\stm_project\stm8s105c6t6\assembler\project_4(vga_adapter)\general.asm'
No errors on assembly of 'e:\stm_project\stm8s105c6t6\assembler\project_4(vga_adapter)\general.asm'
No errors on assembly of 'e:\stm_project\stm8s105c6t6\assembler\project_4(vga_adapter)\general.asm'
No errors on assembly of 'e:\stm_project\stm8s105c6t6\assembler\project_4(vga_adapter)\general.asm'
No errors on assembly of 'e:\stm_project\stm8s105c6t6\assembler\project_4(vga_adapter)\general.asm'
No errors on assembly of 'e:\stm_project\stm8s105c6t6\assembler\project_4(vga_adapter)\general.asm'
No errors on assembly of 'e:\stm_project\stm8s105c6t6\assembler\project_4(vga_adapter)\general.asm'
No errors on assembly of 'e:\stm_project\stm8s105c6t6\assembler\project_4(vga_adapter)\general.asm'
No errors on assembly of 'e:\stm_project\stm8s105c6t6\assembler\project_4(vga_adapter)\general.asm'
No errors on assembly of 'e:\stm_project\stm8s105c6t6\assembler\project_4(vga_adapter)\general.asm'
No errors on assembly of 'e:\stm_project\stm8s105c6t6\assembler\project_4(vga_adapter)\general.asm'
No errors on assembly of 'e:\stm_project\stm8s105c6t6\assembler\project_4(vga_adapter)\general.asm'
No errors on assembly of 'e:\stm_project\stm8s105c6t6\assembler\project_4(vga_adapter)\general.asm'
No errors on assembly of 'e:\stm_project\stm8s105c6t6\assembler\project_4(vga_adapter)\general.asm'
No errors on assembly of 'e:\stm_project\stm8s105c6t6\assembler\project_4(vga_adapter)\general.asm'
No errors on assembly of 'e:\stm_project\stm8s105c6t6\assembler\project_4(vga_adapter)\general.asm'
No errors on assembly of 'e:\stm_project\stm8s105c6t6\assembler\project_4(vga_adapter)\general.asm'
No errors on assembly of 'e:\stm_project\stm8s105c6t6\assembler\project_4(vga_adapter)\general.asm'
No errors on assembly of 'e:\stm_project\stm8s105c6t6\assembler\project_4(vga_adapter)\general.asm'
No errors on assembly of 'e:\stm_project\stm8s105c6t6\assembler\project_4(vga_adapter)\general.asm'
e:\stm_project\stm8s105c6t6\assembler\project_4(vga_adapter)\general.asm(165): as2 : Error 46: Illegal undefined label 'ExitRenderHSync'
1 error on assembly of 'e:\stm_project\stm8s105c6t6\assembler\project_4(vga_adapter)\general.asm'
No errors on assembly of 'e:\stm_project\stm8s105c6t6\assembler\project_4(vga_adapter)\general.asm'
No errors on assembly of 'e:\stm_project\stm8s105c6t6\assembler\project_4(vga_adapter)\general.asm'
No errors on assembly of 'e:\stm_project\stm8s105c6t6\assembler\project_4(vga_adapter)\general.asm'
No errors on assembly of 'e:\stm_project\stm8s105c6t6\assembler\project_4(vga_adapter)\general.asm'
No errors on assembly of 'e:\stm_project\stm8s105c6t6\assembler\project_4(vga_adapter)\general.asm'
No errors on assembly of 'e:\stm_project\stm8s105c6t6\assembler\project_4(vga_adapter)\general.asm'
No errors on assembly of 'e:\stm_project\stm8s105c6t6\assembler\project_4(vga_adapter)\general.asm'
No errors on assembly of 'e:\stm_project\stm8s105c6t6\assembler\project_4(vga_adapter)\general.asm'
No errors on assembly of 'e:\stm_project\stm8s105c6t6\assembler\project_4(vga_adapter)\general.asm'
No errors on assembly of 'e:\stm_project\stm8s105c6t6\assembler\project_4(vga_adapter)\general.asm'
No errors on assembly of 'e:\stm_project\stm8s105c6t6\assembler\project_4(vga_adapter)\general.asm'
No errors on assembly of 'e:\stm_project\stm8s105c6t6\assembler\project_4(vga_adapter)\general.asm'
No errors on assembly of 'e:\stm_project\stm8s105c6t6\assembler\project_4(vga_adapter)\general.asm'
No errors on assembly of 'e:\stm_project\stm8s105c6t6\assembler\project_4(vga_adapter)\general.asm'
No errors on assembly of 'e:\stm_project\stm8s105c6t6\assembler\project_4(vga_adapter)\general.asm'
No errors on assembly of 'e:\stm_project\stm8s105c6t6\assembler\project_4(vga_adapter)\general.asm'
No errors on assembly of 'e:\stm_project\stm8s105c6t6\assembler\project_4(vga_adapter)\general.asm'
No errors on assembly of 'e:\stm_project\stm8s105c6t6\assembler\project_4(vga_adapter)\general.asm'
No errors on assembly of 'e:\stm_project\stm8s105c6t6\assembler\project_4(vga_adapter)\general.asm'
No errors on assembly of 'e:\stm_project\stm8s105c6t6\assembler\project_4(vga_adapter)\general.asm'
No errors on assembly of 'e:\stm_project\stm8s105c6t6\assembler\project_4(vga_adapter)\general.asm'
No errors on assembly of 'e:\stm_project\stm8s105c6t6\assembler\project_4(vga_adapter)\general.asm'
No errors on assembly of 'e:\stm_project\stm8s105c6t6\assembler\project_4(vga_adapter)\general.asm'
e:\stm_project\stm8s105c6t6\assembler\project_4(vga_adapter)\general.asm(205): as1 : Error 54: Can't match Addressing mode '	BRES BRES PORTB,#4'
1 error on assembly of 'e:\stm_project\stm8s105c6t6\assembler\project_4(vga_adapter)\general.asm'
e:\stm_project\stm8s105c6t6\assembler\project_4(vga_adapter)\general.asm(205): as1 : Error 54: Can't match Addressing mode '	BRES BRES PORTB,#4'
1 error on assembly of 'e:\stm_project\stm8s105c6t6\assembler\project_4(vga_adapter)\general.asm'
No errors on assembly of 'e:\stm_project\stm8s105c6t6\assembler\project_4(vga_adapter)\general.asm'
No errors on assembly of 'e:\stm_project\stm8s105c6t6\assembler\project_4(vga_adapter)\general.asm'
No errors on assembly of 'e:\stm_project\stm8s105c6t6\assembler\project_4(vga_adapter)\general.asm'
No errors on assembly of 'e:\stm_project\stm8s105c6t6\assembler\project_4(vga_adapter)\general.asm'
No errors on assembly of 'e:\stm_project\stm8s105c6t6\assembler\project_4(vga_adapter)\general.asm'
No errors on assembly of 'e:\stm_project\stm8s105c6t6\assembler\project_4(vga_adapter)\general.asm'
No errors on assembly of 'e:\stm_project\stm8s105c6t6\assembler\project_4(vga_adapter)\general.asm'
No errors on assembly of 'e:\stm_project\stm8s105c6t6\assembler\project_4(vga_adapter)\general.asm'
No errors on assembly of 'e:\stm_project\stm8s105c6t6\assembler\project_4(vga_adapter)\general.asm'
No errors on assembly of 'e:\stm_project\stm8s105c6t6\assembler\project_4(vga_adapter)\general.asm'
No errors on assembly of 'e:\stm_project\stm8s105c6t6\assembler\project_4(vga_adapter)\general.asm'
No errors on assembly of 'e:\stm_project\stm8s105c6t6\assembler\project_4(vga_adapter)\general.asm'
No errors on assembly of 'e:\stm_project\stm8s105c6t6\assembler\project_4(vga_adapter)\general.asm'
No errors on assembly of 'e:\stm_project\stm8s105c6t6\assembler\project_4(vga_adapter)\general.asm'
No errors on assembly of 'e:\stm_project\stm8s105c6t6\assembler\project_4(vga_adapter)\general.asm'
No errors on assembly of 'e:\stm_project\stm8s105c6t6\assembler\project_4(vga_adapter)\general.asm'
No errors on assembly of 'e:\stm_project\stm8s105c6t6\assembler\project_4(vga_adapter)\general.asm'
No errors on assembly of 'e:\stm_project\stm8s105c6t6\assembler\project_4(vga_adapter)\general.asm'
No errors on assembly of 'e:\stm_project\stm8s105c6t6\assembler\project_4(vga_adapter)\general.asm'
No errors on assembly of 'e:\stm_project\stm8s105c6t6\assembler\project_4(vga_adapter)\general.asm'
No errors on assembly of 'e:\stm_project\stm8s105c6t6\assembler\project_4(vga_adapter)\general.asm'
No errors on assembly of 'e:\stm_project\stm8s105c6t6\assembler\project_4(vga_adapter)\general.asm'
No errors on assembly of 'e:\stm_project\stm8s105c6t6\assembler\project_4(vga_adapter)\general.asm'
No errors on assembly of 'e:\stm_project\stm8s105c6t6\assembler\project_4(vga_adapter)\general.asm'
No errors on assembly of 'e:\stm_project\stm8s105c6t6\assembler\project_4(vga_adapter)\general.asm'
No errors on assembly of 'e:\stm_project\stm8s105c6t6\assembler\project_4(vga_adapter)\general.asm'
No errors on assembly of 'e:\stm_project\stm8s105c6t6\assembler\project_4(vga_adapter)\general.asm'
No errors on assembly of 'e:\stm_project\stm8s105c6t6\assembler\project_4(vga_adapter)\general.asm'
No errors on assembly of 'e:\stm_project\stm8s105c6t6\assembler\project_4(vga_adapter)\general.asm'
No errors on assembly of 'e:\stm_project\stm8s105c6t6\assembler\project_4(vga_adapter)\general.asm'
No errors on assembly of 'e:\stm_project\stm8s105c6t6\assembler\project_4(vga_adapter)\general.asm'
No errors on assembly of 'e:\stm_project\stm8s105c6t6\assembler\project_4(vga_adapter)\general.asm'
No errors on assembly of 'e:\stm_project\stm8s105c6t6\assembler\project_4(vga_adapter)\general.asm'
No errors on assembly of 'e:\stm_project\stm8s105c6t6\assembler\project_4(vga_adapter)\general.asm'
No errors on assembly of 'e:\stm_project\stm8s105c6t6\assembler\project_4(vga_adapter)\general.asm'
No errors on assembly of 'e:\stm_project\stm8s105c6t6\assembler\project_4(vga_adapter)\general.asm'
No errors on assembly of 'e:\stm_project\stm8s105c6t6\assembler\project_4(vga_adapter)\general.asm'
No errors on assembly of 'e:\stm_project\stm8s105c6t6\assembler\project_4(vga_adapter)\general.asm'
No errors on assembly of 'e:\stm_project\stm8s105c6t6\assembler\project_4(vga_adapter)\general.asm'
No errors on assembly of 'e:\stm_project\stm8s105c6t6\assembler\project_4(vga_adapter)\general.asm'
No errors on assembly of 'e:\stm_project\stm8s105c6t6\assembler\project_4(vga_adapter)\general.asm'
No errors on assembly of 'e:\stm_project\stm8s105c6t6\assembler\project_4(vga_adapter)\general.asm'
No errors on assembly of 'e:\stm_project\stm8s105c6t6\assembler\project_4(vga_adapter)\general.asm'
No errors on assembly of 'e:\stm_project\stm8s105c6t6\assembler\project_4(vga_adapter)\general.asm'
No errors on assembly of 'e:\stm_project\stm8s105c6t6\assembler\project_4(vga_adapter)\general.asm'
No errors on assembly of 'e:\stm_project\stm8s105c6t6\assembler\project_4(vga_adapter)\general.asm'
No errors on assembly of 'e:\stm_project\stm8s105c6t6\assembler\project_4(vga_adapter)\general.asm'
No errors on assembly of 'e:\stm_project\stm8s105c6t6\assembler\project_4(vga_adapter)\general.asm'
No errors on assembly of 'e:\stm_project\stm8s105c6t6\assembler\project_4(vga_adapter)\general.asm'
No errors on assembly of 'e:\stm_project\stm8s105c6t6\assembler\project_4(vga_adapter)\general.asm'
No errors on assembly of 'e:\stm_project\stm8s105c6t6\assembler\project_4(vga_adapter)\general.asm'
No errors on assembly of 'e:\stm_project\stm8s105c6t6\assembler\project_4(vga_adapter)\general.asm'
No errors on assembly of 'e:\stm_project\stm8s105c6t6\assembler\project_4(vga_adapter)\general.asm'
No errors on assembly of 'e:\stm_project\stm8s105c6t6\assembler\project_4(vga_adapter)\general.asm'
No errors on assembly of 'e:\stm_project\stm8s105c6t6\assembler\project_4(vga_adapter)\general.asm'
No errors on assembly of 'e:\stm_project\stm8s105c6t6\assembler\project_4(vga_adapter)\general.asm'
No errors on assembly of 'e:\stm_project\stm8s105c6t6\assembler\project_4(vga_adapter)\general.asm'
No errors on assembly of 'e:\stm_project\stm8s105c6t6\assembler\project_4(vga_adapter)\general.asm'
No errors on assembly of 'e:\stm_project\stm8s105c6t6\assembler\project_4(vga_adapter)\general.asm'
No errors on assembly of 'e:\stm_project\stm8s105c6t6\assembler\project_4(vga_adapter)\general.asm'
No errors on assembly of 'e:\stm_project\stm8s105c6t6\assembler\project_4(vga_adapter)\general.asm'
No errors on assembly of 'e:\stm_project\stm8s105c6t6\assembler\project_4(vga_adapter)\general.asm'
No errors on assembly of 'e:\stm_project\stm8s105c6t6\assembler\project_4(vga_adapter)\general.asm'
No errors on assembly of 'e:\stm_project\stm8s105c6t6\assembler\project_4(vga_adapter)\general.asm'
No errors on assembly of 'e:\stm_project\stm8s105c6t6\assembler\project_4(vga_adapter)\general.asm'
No errors on assembly of 'e:\stm_project\stm8s105c6t6\assembler\project_4(vga_adapter)\general.asm'
No errors on assembly of 'e:\stm_project\stm8s105c6t6\assembler\project_4(vga_adapter)\general.asm'
No errors on assembly of 'e:\stm_project\stm8s105c6t6\assembler\project_4(vga_adapter)\general.asm'
No errors on assembly of 'e:\stm_project\stm8s105c6t6\assembler\project_4(vga_adapter)\general.asm'
No errors on assembly of 'e:\stm_project\stm8s105c6t6\assembler\project_4(vga_adapter)\general.asm'
No errors on assembly of 'e:\stm_project\stm8s105c6t6\assembler\project_4(vga_adapter)\general.asm'
No errors on assembly of 'e:\stm_project\stm8s105c6t6\assembler\project_4(vga_adapter)\general.asm'
No errors on assembly of 'e:\stm_project\stm8s105c6t6\assembler\project_4(vga_adapter)\general.asm'
No errors on assembly of 'e:\stm_project\stm8s105c6t6\assembler\project_4(vga_adapter)\general.asm'
e:\stm_project\stm8s105c6t6\assembler\project_4(vga_adapter)\general.asm(159): as2 : Error 46: Illegal undefined label 'ExitRenderVSync'
1 error on assembly of 'e:\stm_project\stm8s105c6t6\assembler\project_4(vga_adapter)\general.asm'
No errors on assembly of 'e:\stm_project\stm8s105c6t6\assembler\project_4(vga_adapter)\general.asm'
No errors on assembly of 'e:\stm_project\stm8s105c6t6\assembler\project_4(vga_adapter)\general.asm'
No errors on assembly of 'e:\stm_project\stm8s105c6t6\assembler\project_4(vga_adapter)\general.asm'
No errors on assembly of 'e:\stm_project\stm8s105c6t6\assembler\project_4(vga_adapter)\general.asm'
No errors on assembly of 'e:\stm_project\stm8s105c6t6\assembler\project_4(vga_adapter)\general.asm'
No errors on assembly of 'e:\stm_project\stm8s105c6t6\assembler\project_4(vga_adapter)\general.asm'
No errors on assembly of 'e:\stm_project\stm8s105c6t6\assembler\project_4(vga_adapter)\general.asm'
No errors on assembly of 'e:\stm_project\stm8s105c6t6\assembler\project_4(vga_adapter)\general.asm'
No errors on assembly of 'e:\stm_project\stm8s105c6t6\assembler\project_4(vga_adapter)\general.asm'
No errors on assembly of 'e:\stm_project\stm8s105c6t6\assembler\project_4(vga_adapter)\general.asm'
No errors on assembly of 'e:\stm_project\stm8s105c6t6\assembler\project_4(vga_adapter)\general.asm'
No errors on assembly of 'e:\stm_project\stm8s105c6t6\assembler\project_4(vga_adapter)\general.asm'
No errors on assembly of 'e:\stm_project\stm8s105c6t6\assembler\project_4(vga_adapter)\general.asm'
No errors on assembly of 'e:\stm_project\stm8s105c6t6\assembler\project_4(vga_adapter)\general.asm'
No errors on assembly of 'e:\stm_project\stm8s105c6t6\assembler\project_4(vga_adapter)\general.asm'
No errors on assembly of 'e:\stm_project\stm8s105c6t6\assembler\project_4(vga_adapter)\general.asm'
No errors on assembly of 'e:\stm_project\stm8s105c6t6\assembler\project_4(vga_adapter)\general.asm'
