###############################################################################
#                                                                             #
# IAR C/C++ Compiler V1.30.1.50036 for STM8             06/Jun/2013  01:18:52 #
# Copyright 2010-2011 IAR Systems AB.                                         #
#                                                                             #
#    Source file  =  E:\STM_PROJECT\STM8S105C6T6\C++\Project_3\main.c         #
#    Command line =  E:\STM_PROJECT\STM8S105C6T6\C++\Project_3\main.c -e -On  #
#                    --no_cse --no_unroll --no_inline --no_code_motion        #
#                    --no_tbaa --no_cross_call --debug --code_model medium    #
#                    --data_model medium -o E:\STM_PROJECT\STM8S105C6T6\C++\P #
#                    roject_3\Debug\Obj\ --dlib_config "D:\Program_Files\IAR  #
#                    Systems\IAR for STM8\stm8\LIB\dlstm8mmn.h" -lCN          #
#                    E:\STM_PROJECT\STM8S105C6T6\C++\Project_3\Debug\List\    #
#                    -lA E:\STM_PROJECT\STM8S105C6T6\C++\Project_3\Debug\List #
#                    \ --vregs 16                                             #
#    List file    =  E:\STM_PROJECT\STM8S105C6T6\C++\Project_3\Debug\List\mai #
#                    n.lst                                                    #
#    Object file  =  E:\STM_PROJECT\STM8S105C6T6\C++\Project_3\Debug\Obj\main #
#                    .o                                                       #
#                                                                             #
#                                                                             #
###############################################################################

E:\STM_PROJECT\STM8S105C6T6\C++\Project_3\main.c
      1          #include "stm8s105c6.h"

   \                                 In section .far_func.text, align 1
   \   __far_func void EnableInterrupts()
   \                     EnableInterrupts:
   \   000000 9A                    RIM
   \   000001 87                    RETF

   \                                 In section .far_func.text, align 1
   \   __far_func void DisableInterrupts()
   \                     DisableInterrupts:
   \   000000 9B                    SIM
   \   000001 87                    RETF

   \                                 In section .far_func.text, align 1
   \   __far_func __interrupt void Timer1(void)
   \                     Timer1:
   \                     _interrupt_13:
   \   000000 72115255              BRES 0x5255,#0
   \   000004 80                    IRET

   \                                 In section .far_func.text, align 1
   \   __far_func __interrupt void Timer2(void)
   \                     Timer2:
   \                     _interrupt_15:
   \   000000 8A                    PUSH      CC
   \   000001 84                    POP       A
   \   000002 A4BF                  AND       A, #0xbf
   \   000004 88                    PUSH      A
   \   000005 86                    POP       CC
   \   000006 72115302              BRES 0x5302,#0
   \   00000A 8D000000              CALLF     HandlerTimer2
   \   00000E 80                    IRET

   \                                 In section .far_func.text, align 1
   \   __far_func __interrupt void Timer3(void)
   \                     Timer3:
   \                     _interrupt_17:
   \   000000 72115322              BRES 0x5322,#0
   \   000004 80                    IRET

   \                                 In section .far_func.text, align 1
   \   __far_func __interrupt void Timer4(void)
   \                     Timer4:
   \                     _interrupt_25:
   \   000000 72115342              BRES 0x5342,#0
   \   000004 80                    IRET

   \                                 In section .far_func.text, align 1
   \   __far_func __interrupt void ADC(void)
   \                     ADC:
   \                     _interrupt_24:
   \   000000 80                    IRET

   \                                 In section .far_func.text, align 1
   \   __far_func __interrupt void AWU(void)
   \                     AWU:
   \                     _interrupt_3:
   \   000000 80                    IRET

   \                                 In section .far_func.text, align 1
   \   __far_func __interrupt void EXTI0(void)
   \                     EXTI0:
   \                     _interrupt_5:
   \   000000 80                    IRET

   \                                 In section .far_func.text, align 1
   \   __far_func __interrupt void EXTI1(void)
   \                     EXTI1:
   \                     _interrupt_6:
   \   000000 80                    IRET

   \                                 In section .far_func.text, align 1
   \   __far_func __interrupt void EXTI2(void)
   \                     EXTI2:
   \                     _interrupt_7:
   \   000000 80                    IRET

   \                                 In section .far_func.text, align 1
   \   __far_func __interrupt void EXTI3(void)
   \                     EXTI3:
   \                     _interrupt_8:
   \   000000 80                    IRET

   \                                 In section .far_func.text, align 1
   \   __far_func __interrupt void EXTI4(void)
   \                     EXTI4:
   \                     _interrupt_9:
   \   000000 80                    IRET

   \                                 In section .far_func.text, align 1
   \   __far_func __interrupt void SPIEndTransfer(void)
   \                     SPIEndTransfer:
   \                     _interrupt_12:
   \   000000 80                    IRET
      2          #include "functions.h"

   \                                 In section .far_func.text, align 1
   \   __far_func void Delay(unsigned int)
   \                     Delay:
   \                     ??Delay_0:
   \   000000 5D                    TNZW      X
   \   000001 2703                  JREQ      L:??Delay_1
   \   000003 5A                    DECW      X
   \   000004 20FA                  JRA       L:??Delay_0
   \                     ??Delay_1:
   \   000006 87                    RETF

   \                                 In section .far_func.text, align 1
   \   __far_func __monitor void SendSPI(char)
   \                     SendSPI:
   \   000000 8A                    PUSH      CC
   \   000001 9B                    SIM
   \   000002 C75204                LD        L:0x5204, A
   \                     ??SendSPI_0:
   \   000005 720E5203FB            BTJT      L:0x5203, #0x7, L:??SendSPI_0
   \   00000A 86                    POP       CC
   \   00000B 87                    RETF

   \                                 In section .far_func.text, align 1
   \   __far_func char ByteToChar(unsigned int)
   \                     ByteToChar:
   \   000000 1C0030                ADDW      X, #0x30
   \   000003 9F                    LD        A, XL
   \   000004 87                    RETF
      3          #include "initperiphery.h"

   \                                 In section .far_func.text, align 1
   \   __far_func void InitPortsIO()
   \                     InitPortsIO:
   \   000000 35005002              MOV       L:0x5002, #0x0
   \   000004 35005003              MOV       L:0x5003, #0x0
   \   000008 35005000              MOV       L:0x5000, #0x0
   \   00000C 35025007              MOV       L:0x5007, #0x2
   \   000010 35025008              MOV       L:0x5008, #0x2
   \   000014 35005005              MOV       L:0x5005, #0x0
   \   000018 3564500C              MOV       L:0x500c, #0x64
   \   00001C 3564500D              MOV       L:0x500d, #0x64
   \   000020 3564500E              MOV       L:0x500e, #0x64
   \   000024 3500500A              MOV       L:0x500a, #0x0
   \   000028 35055011              MOV       L:0x5011, #0x5
   \   00002C 35055012              MOV       L:0x5012, #0x5
   \   000030 35055013              MOV       L:0x5013, #0x5
   \   000034 3500500F              MOV       L:0x500f, #0x0
   \   000038 35205016              MOV       L:0x5016, #0x20
   \   00003C 35205017              MOV       L:0x5017, #0x20
   \   000040 35205014              MOV       L:0x5014, #0x20
   \   000044 35005020              MOV       L:0x5020, #0x0
   \   000048 35005021              MOV       L:0x5021, #0x0
   \   00004C 3500501E              MOV       L:0x501e, #0x0
   \   000050 87                    RETF

   \                                 In section .far_func.text, align 1
   \   __far_func void InitSystemClock()
   \                     InitSystemClock:
   \   000000 350150C1              MOV       L:0x50c1, #0x1
   \   000004 350250C5              MOV       L:0x50c5, #0x2
   \   000008 35FF50C7              MOV       L:0x50c7, #0xff
   \                     ??InitSystemClock_0:
   \   00000C 720350C1FB            BTJF      L:0x50c1, #0x1, L:??InitSystemClock_0
   \   000011 350050C6              MOV       L:0x50c6, #0x0
   \   000015 35B450C4              MOV       L:0x50c4, #0xb4
   \                     ??InitSystemClock_1:
   \   000019 720750C5FB            BTJF      L:0x50c5, #0x3, L:??InitSystemClock_1
   \   00001E 87                    RETF

   \                                 In section .far_func.text, align 1
   \   __far_func void InitSPI()
   \                     InitSPI:
   \   000000 35545200              MOV       L:0x5200, #0x54
   \   000004 35035201              MOV       L:0x5201, #0x3
   \   000008 87                    RETF

   \                                 In section .far_func.text, align 1
   \   __far_func void InitTimers()
   \                     InitTimers:
   \   000000 35005260              MOV       L:0x5260, #0x0
   \   000004 358A5261              MOV       L:0x5261, #0x8a
   \   000008 35005262              MOV       L:0x5262, #0x0
   \   00000C 35015263              MOV       L:0x5263, #0x1
   \   000010 3580526D              MOV       L:0x526d, #0x80
   \   000014 3510525C              MOV       L:0x525c, #0x10
   \   000018 35305259              MOV       L:0x5259, #0x30
   \   00001C 35815250              MOV       L:0x5250, #0x81
   \   000020 3500530C              MOV       L:0x530c, #0x0
   \   000024 3507530D              MOV       L:0x530d, #0x7
   \   000028 35D0530E              MOV       L:0x530e, #0xd0
   \   00002C 35815300              MOV       L:0x5300, #0x81
   \   000030 35015301              MOV       L:0x5301, #0x1
   \   000034 3503532A              MOV       L:0x532a, #0x3
   \   000038 350A532B              MOV       L:0x532b, #0xa
   \   00003C 35FF532C              MOV       L:0x532c, #0xff
   \   000040 35815320              MOV       L:0x5320, #0x81
   \   000044 35015321              MOV       L:0x5321, #0x1
   \   000048 35075345              MOV       L:0x5345, #0x7
   \   00004C 35FF5346              MOV       L:0x5346, #0xff
   \   000050 35815340              MOV       L:0x5340, #0x81
   \   000054 35015341              MOV       L:0x5341, #0x1
   \   000058 87                    RETF

   \                                 In section .far_func.text, align 1
   \   __far_func void InitADC()
   \                     InitADC:
   \   000000 35295400              MOV       L:0x5400, #0x29
   \   000004 35425401              MOV       L:0x5401, #0x42
   \   000008 35405402              MOV       L:0x5402, #0x40
   \   00000C 35005403              MOV       L:0x5403, #0x0
   \   000010 72105401              BSET      L:0x5401, #0x0
   \   000014 87                    RETF
      4          #include "GeniusIRProtocol.c"

   \                                 In section .near.bss, align 1
   \   unsigned int GENuSec100
   \                     GENuSec100:
   \   000000                       DS8 2

   \                                 In section .far_func.text, align 1
   \   __far_func void GENDelay100Us(unsigned int)
   \                     GENDelay100Us:
   \   000000 9093                  LDW       Y, X
   \   000002 72105300              BSET 0x5300,#0
   \                     ??GENDelay100Us_0:
   \   000006 90C30000              CPW       Y, L:GENuSec100
   \   00000A 26FA                  JRNE      L:??GENDelay100Us_0
   \   00000C 72115300              BRES 0x5300,#0
   \   000010 5F                    CLRW      X
   \   000011 CF0000                LDW       L:GENuSec100, X
   \   000014 87                    RETF

   \                                 In section .far_func.text, align 1
   \   __far_func void GENSendBitIR(char)
   \                     GENSendBitIR:
   \   000000 A101                  CP        A, #0x1
   \   000002 2611                  JRNE      L:??GENSendBitIR_0
   \   000004 7218525C              BSET 0x525C,#4
   \   000008 AE0005                LDW       X, #0x5
   \   00000B 8D000000              CALLF     GENDelay100Us
   \   00000F 7219525C              BRES 0x525C,#4
   \   000013 2007                  JRA       L:??GENSendBitIR_1
   \                     ??GENSendBitIR_0:
   \   000015 AE0005                LDW       X, #0x5
   \   000018 8D000000              CALLF     GENDelay100Us
   \                     ??GENSendBitIR_1:
   \   00001C 87                    RETF

   \                                 In section .far_func.text, align 1
   \   __far_func void GENSendByteIR(char)
   \                     GENSendByteIR:
   \   000000 B700                  LD        S:?b1, A
   \   000002 3F00                  CLR       S:?b0
   \                     ??GENSendByteIR_0:
   \   000004 B600                  LD        A, S:?b0
   \   000006 A108                  CP        A, #0x8
   \   000008 243B                  JRNC      L:??GENSendByteIR_1
   \   00000A A607                  LD        A, #0x7
   \   00000C B000                  SUB       A, S:?b0
   \   00000E 5F                    CLRW      X
   \   00000F 5C                    INCW      X
   \   000010 8D000000              CALLF     L:?sll16_x_x_a
   \   000014 9F                    LD        A, XL
   \   000015 B400                  AND       A, S:?b1
   \   000017 A100                  CP        A, #0x0
   \   000019 260D                  JRNE      L:??GENSendByteIR_2
   \   00001B A601                  LD        A, #0x1
   \   00001D 8D000000              CALLF     GENSendBitIR
   \   000021 4F                    CLR       A
   \   000022 8D000000              CALLF     GENSendBitIR
   \   000026 2015                  JRA       L:??GENSendByteIR_3
   \                     ??GENSendByteIR_2:
   \   000028 A601                  LD        A, #0x1
   \   00002A 8D000000              CALLF     GENSendBitIR
   \   00002E 4F                    CLR       A
   \   00002F 8D000000              CALLF     GENSendBitIR
   \   000033 4F                    CLR       A
   \   000034 8D000000              CALLF     GENSendBitIR
   \   000038 4F                    CLR       A
   \   000039 8D000000              CALLF     GENSendBitIR
   \                     ??GENSendByteIR_3:
   \   00003D B600                  LD        A, S:?b0
   \   00003F AB01                  ADD       A, #0x1
   \   000041 B700                  LD        S:?b0, A
   \   000043 20BF                  JRA       L:??GENSendByteIR_0
   \                     ??GENSendByteIR_1:
   \   000045 87                    RETF

   \                                 In section .far_func.text, align 1
   \   __far_func void GENSendPacketIR(char, char, char, char)
   \                     GENSendPacketIR:
   \   000000 B700                  LD        S:?b3, A
   \   000002 450000                MOV       S:?b4, S:?b0
   \   000005 450000                MOV       S:?b5, S:?b1
   \   000008 7218525C              BSET 0x525C,#4
   \   00000C AE0064                LDW       X, #0x64
   \   00000F 8D000000              CALLF     GENDelay100Us
   \   000013 7219525C              BRES 0x525C,#4
   \   000017 AE0032                LDW       X, #0x32
   \   00001A 8D000000              CALLF     GENDelay100Us
   \   00001E B600                  LD        A, S:?b3
   \   000020 8D000000              CALLF     GENSendByteIR
   \   000024 B600                  LD        A, S:?b4
   \   000026 8D000000              CALLF     GENSendByteIR
   \   00002A B600                  LD        A, S:?b5
   \   00002C 8D000000              CALLF     GENSendByteIR
   \   000030 B600                  LD        A, S:?b2
   \   000032 8D000000              CALLF     GENSendByteIR
   \   000036 A601                  LD        A, #0x1
   \   000038 8D000000              CALLF     GENSendBitIR
   \   00003C 87                    RETF

   \                                 In section .far_func.text, align 1
   \   __far_func void GENIRTimer100Us()
   \                     GENIRTimer100Us:
   \   000000 CE0000                LDW       X, L:GENuSec100
   \   000003 5C                    INCW      X
   \   000004 CF0000                LDW       L:GENuSec100, X
   \   000007 87                    RETF
      5          

   \                                 In section .far_func.text, align 1
      6          void main()
      7          {
      8            InitSystemClock();
   \                     main:
   \   000000 8D000000              CALLF     InitSystemClock
      9            InitPortsIO();  
   \   000004 8D000000              CALLF     InitPortsIO
     10            InitTimers();
   \   000008 8D000000              CALLF     InitTimers
     11            EnableInterrupts(); 
   \   00000C 8D000000              CALLF     EnableInterrupts
     12            while (1)
     13            {    
     14              GENSendPacketIR(0x00,0xF7,0x20,0xDF); //Led "Game"
   \                     ??main_0:
   \   000010 35DF0000              MOV       S:?b2, #0xdf
   \   000014 35200000              MOV       S:?b1, #0x20
   \   000018 35F70000              MOV       S:?b0, #0xf7
   \   00001C 4F                    CLR       A
   \   00001D 8D000000              CALLF     GENSendPacketIR
     15              GENDelay100Us(500);
   \   000021 AE01F4                LDW       X, #0x1f4
   \   000024 8D000000              CALLF     GENDelay100Us
     16              GENSendPacketIR(0x00,0xF7,0xA0,0x5E); //Led "TV"
   \   000028 355E0000              MOV       S:?b2, #0x5e
   \   00002C 35A00000              MOV       S:?b1, #0xa0
   \   000030 35F70000              MOV       S:?b0, #0xf7
   \   000034 4F                    CLR       A
   \   000035 8D000000              CALLF     GENSendPacketIR
     17              GENDelay100Us(500);
   \   000039 AE01F4                LDW       X, #0x1f4
   \   00003C 8D000000              CALLF     GENDelay100Us
     18              GENSendPacketIR(0x00,0xFC,0xA1,0x5E); //Led "DVD"
   \   000040 355E0000              MOV       S:?b2, #0x5e
   \   000044 35A10000              MOV       S:?b1, #0xa1
   \   000048 35FC0000              MOV       S:?b0, #0xfc
   \   00004C 4F                    CLR       A
   \   00004D 8D000000              CALLF     GENSendPacketIR
     19              GENDelay100Us(500);
   \   000051 AE01F4                LDW       X, #0x1f4
   \   000054 8D000000              CALLF     GENDelay100Us
   \   000058 20B6                  JRA       L:??main_0
     20              /*GENSendPacketIR(0x03,0xFC,0x51,0xAE); //Led "CD/MP3" 
     21              GENDelay100Us(500);
     22              GENSendPacketIR(0x03,0xFC,0x11,0xEE); //Led "Game"
     23              GENDelay100Us(500);
     24              GENSendPacketIR(0x03,0xFC,0xB1,0x4E); //Led "TV"
     25              GENDelay100Us(500);
     26              GENSendPacketIR(0x03,0xFC,0xA1,0x5E); //Led "DVD"
     27              GENDelay100Us(500);    
     28              GENSendPacketIR(0x03,0xFC,0xB1,0x4E); //Led "TV"
     29              GENDelay100Us(500);
     30              GENSendPacketIR(0x03,0xFC,0x11,0xEE); //Led "Game"
     31              GENDelay100Us(500);   */
     32            }
     33          }
     34              

   \                                 In section .far_func.text, align 1
     35          void HandlerTimer2()
     36          { 
     37            GENIRTimer100Us(); 
   \                     HandlerTimer2:
   \   000000 8D000000              CALLF     GENIRTimer100Us
     38          }
   \   000004 87                    RETF
     39          
     40          

   Section sizes:

     Function/Label    Bytes
     --------------    -----
     EnableInterrupts     2
     DisableInterrupts    2
     Timer1               5
     Timer2              15
     Timer3               5
     Timer4               5
     ADC                  1
     AWU                  1
     EXTI0                1
     EXTI1                1
     EXTI2                1
     EXTI3                1
     EXTI4                1
     SPIEndTransfer       1
     Delay                7
     SendSPI             12
     ByteToChar           5
     InitPortsIO         81
     InitSystemClock     31
     InitSPI              9
     InitTimers          89
     InitADC             21
     GENuSec100           2
     GENDelay100Us       21
     GENSendBitIR        29
     GENSendByteIR       70
     GENSendPacketIR     61
     GENIRTimer100Us      8
     main                90
     HandlerTimer2        5

 
 581 bytes in section .far_func.text
   2 bytes in section .near.bss
 
 581 bytes of CODE memory
   2 bytes of DATA memory

Errors: none
Warnings: none
